Diagnose log at 2024-01-27T05:30:55Z

AppPath: /nix/store/q5k5arzhlsf9dnq56wwaannm2f8f97s5-git-credential-manager-2.4.1/lib/git-credential-manager/git-credential-manager
InstallDir: /nix/store/q5k5arzhlsf9dnq56wwaannm2f8f97s5-git-credential-manager-2.4.1/lib/git-credential-manager/
Version: 2.4.1

------------
Diagnostic: Environment
Skipped: False
Success: True
Exception: None
Log:
OSType: Linux
OSVersion: NixOS 23.11 (Tapir)
Reading environment variables... OK
 Variables:
LC_PAPER=en_US.UTF-8
DOTNET_ROOT=/nix/store/hvq0m5x4g59a3b6gzrm7472clzbdvyj2-dotnet-runtime-7.0.15
USER=root
PWD=/home/alex/flake
COLORTERM=truecolor
GTK_PATH=/root/.nix-profile/lib/gtk-2.0:/root/.nix-profile/lib/gtk-3.0:/root/.nix-profile/lib/gtk-4.0:/nix/profile/lib/gtk-2.0:/nix/profile/lib/gtk-3.0:/nix/profile/lib/gtk-4.0:/root/.local/state/nix/profile/lib/gtk-2.0:/root/.local/state/nix/profile/lib/gtk-3.0:/root/.local/state/nix/profile/lib/gtk-4.0:/etc/profiles/per-user/root/lib/gtk-2.0:/etc/profiles/per-user/root/lib/gtk-3.0:/etc/profiles/per-user/root/lib/gtk-4.0:/nix/var/nix/profiles/default/lib/gtk-2.0:/nix/var/nix/profiles/default/lib/gtk-3.0:/nix/var/nix/profiles/default/lib/gtk-4.0:/run/current-system/sw/lib/gtk-2.0:/run/current-system/sw/lib/gtk-3.0:/run/current-system/sw/lib/gtk-4.0
LANG=en_US.UTF-8
CUPS_DATADIR=/nix/store/d4h0dy01pv9vwwmrs51x8grgxr5blkw0-cups-progs/share/cups
XAUTHORITY=/run/user/1000/.mutter-Xwaylandauth.LGK4H2
PATH=/nix/store/pz4jng8kb4iv9x67r730las2mdkv8s8q-git-2.42.0/bin:/nix/store/wf2mw6005h3hl17rs64xjqm4cphfqqbj-gnupg-2.4.1/bin:/nix/store/06nr70xsmg788dbwk1yvijqh9ar4z614-password-store-1.7.4/bin:/nix/store/hvq0m5x4g59a3b6gzrm7472clzbdvyj2-dotnet-runtime-7.0.15/bin:/nix/store/62z5ksczg9aq1rg3k5mdmkxak1jmvibj-kitty-0.31.0/bin:/nix/store/rgxf807vi1pg35ibd0vmbfhkvj5wlx2c-imagemagick-7.1.1-25/bin:/nix/store/h217373mhksh7an4pkb8lvji8rz9gs3p-ncurses-6.4-dev/bin:/run/wrappers/bin:/home/alex/.nix-profile/bin:/nix/profile/bin:/home/alex/.local/state/nix/profile/bin:/etc/profiles/per-user/alex/bin:/nix/var/nix/profiles/default/bin:/run/current-system/sw/bin
LIBEXEC_PATH=/root/.nix-profile/lib/libexec:/nix/profile/lib/libexec:/root/.local/state/nix/profile/lib/libexec:/etc/profiles/per-user/root/lib/libexec:/nix/var/nix/profiles/default/lib/libexec:/run/current-system/sw/lib/libexec
DISPLAY=:0
GIO_EXTRA_MODULES=/nix/store/bqnn9c5saj1mahc2rlwk5vshg9pzknni-gvfs-1.52.2/lib/gio/modules:/nix/store/yp1krz9glqffglv705j9lxkc5fcr8579-glib-networking-2.78.0/lib/gio/modules:/nix/store/yga0a4s1ywhf1yww3vjfyiibzcgshqmq-dconf-0.40.0-lib/lib/gio/modules
SHELL=/run/current-system/sw/bin/bash
MAIL=/var/mail/root
LC_TELEPHONE=en_US.UTF-8
NIX_GSETTINGS_OVERRIDES_DIR=/nix/store/k7h142vfqvjzpm331b1zspjfh9v2435p-gnome-gsettings-overrides/share/gsettings-schemas/nixos-gsettings-overrides/glib-2.0/schemas
SUDO_COMMAND=/home/alex/.nix-profile/bin/git-credential-manager diagnose
TZDIR=/etc/zoneinfo
LC_MEASUREMENT=en_US.UTF-8
XDG_DESKTOP_PORTAL_DIR=/nix/store/2jvqaa8rzd18p5qlpq29528lgaq6xx28-xdg-portals/share/xdg-desktop-portal/portals
LOCALE_ARCHIVE=/run/current-system/sw/lib/locale/locale-archive
LOGNAME=root
LD_LIBRARY_PATH=/nix/store/dazr5b507ln5dbxhh3jfm81payb7g7iz-icu4c-73.2/lib:/nix/store/wfr27wwh94s3ixx39mzn7zrnywrkvkvi-fontconfig-2.14.2-lib/lib:/nix/store/bd1dmdscjvjdk8kqr1v6jl76khyf3h77-libX11-1.8.7/lib:/nix/store/skjs1nvcd31shsg19iiqpn5w4l5czrqn-libICE-1.1.1/lib:/nix/store/mp0xvs0hq78l5jmjrl4sviaq7y6zq28z-libSM-1.2.4/lib:/nix/store/9mzq6g1j910g4b15cba4dlirwydv4c3h-libsecret-0.21.2/lib
GIT_TRACE2_PARENT_SID=76acfef9-e650-4c4f-802a-498081107e98
TERMINFO_DIRS=/home/alex/.nix-profile/share/terminfo:/nix/profile/share/terminfo:/home/alex/.local/state/nix/profile/share/terminfo:/etc/profiles/per-user/alex/share/terminfo:/nix/var/nix/profiles/default/share/terminfo:/run/current-system/sw/share/terminfo
NIXOS_XDG_DESKTOP_PORTAL_CONFIG_DIR=/nix/store/62av7i5a9qmkrx3qx4572gzccgvk4imj-xdg-portal-configs/share/xdg-desktop-portal
LC_ADDRESS=en_US.UTF-8
XDG_DATA_DIRS=/nix/store/7r150b1gyi849kbn9wnggmnmq2d5j9c5-gnome-mimeapps/share:/nix/store/b8jfhr9mrj8c0wfvz2jjdg3j0a51xsd2-desktops/share:/root/.nix-profile/share:/nix/profile/share:/root/.local/state/nix/profile/share:/etc/profiles/per-user/root/share:/nix/var/nix/profiles/default/share:/run/current-system/sw/share
SUDO_GID=100
NIX_PATH=nixpkgs=/nix/var/nix/profiles/per-user/root/channels/nixos:nixos-config=/etc/nixos/configuration.nix:/nix/var/nix/profiles/per-user/root/channels
SHLVL=0
TERM=xterm-kitty
HOME=/root
SUDO_UID=1000
LC_NUMERIC=en_US.UTF-8
NAUTILUS_4_EXTENSION_DIR=/nix/store/08pz3afi7yyb2k4hrkv266cxk6kll6sm-system-path/lib/nautilus/extensions-4
SUDO_USER=alex
XDG_CURRENT_DESKTOP=GNOME
XCURSOR_PATH=/root/.icons:/root/.local/share/icons:/root/.nix-profile/share/icons:/root/.nix-profile/share/pixmaps:/nix/profile/share/icons:/nix/profile/share/pixmaps:/root/.local/state/nix/profile/share/icons:/root/.local/state/nix/profile/share/pixmaps:/etc/profiles/per-user/root/share/icons:/etc/profiles/per-user/root/share/pixmaps:/nix/var/nix/profiles/default/share/icons:/nix/var/nix/profiles/default/share/pixmaps:/run/current-system/sw/share/icons:/run/current-system/sw/share/pixmaps
LC_IDENTIFICATION=en_US.UTF-8
LC_NAME=en_US.UTF-8
INFOPATH=/root/.nix-profile/info:/root/.nix-profile/share/info:/nix/profile/info:/nix/profile/share/info:/root/.local/state/nix/profile/info:/root/.local/state/nix/profile/share/info:/etc/profiles/per-user/root/info:/etc/profiles/per-user/root/share/info:/nix/var/nix/profiles/default/info:/nix/var/nix/profiles/default/share/info:/run/current-system/sw/info:/run/current-system/sw/share/info
LC_TIME=en_US.UTF-8
XDG_CONFIG_DIRS=/etc/xdg:/root/.nix-profile/etc/xdg:/nix/profile/etc/xdg:/root/.local/state/nix/profile/etc/xdg:/etc/profiles/per-user/root/etc/xdg:/nix/var/nix/profiles/default/etc/xdg:/run/current-system/sw/etc/xdg
QTWEBKIT_PLUGIN_PATH=/root/.nix-profile/lib/mozilla/plugins/:/nix/profile/lib/mozilla/plugins/:/root/.local/state/nix/profile/lib/mozilla/plugins/:/etc/profiles/per-user/root/lib/mozilla/plugins/:/nix/var/nix/profiles/default/lib/mozilla/plugins/:/run/current-system/sw/lib/mozilla/plugins/
TERMINFO=/nix/store/62z5ksczg9aq1rg3k5mdmkxak1jmvibj-kitty-0.31.0/lib/kitty/terminfo
LC_MONETARY=en_US.UTF-8


------------
Diagnostic: File system
Skipped: False
Success: True
Exception: None
Log:
Temporary directory is '/tmp/'...
Checking basic file I/O...
Writing to temporary file '/tmp/d9df4470af21d9cbd0280ee6'... OK
Reading from temporary file '/tmp/d9df4470af21d9cbd0280ee6'... OK
Deleting temporary file '/tmp/d9df4470af21d9cbd0280ee6'... OK
Testing IFileSystem instance...
UserHomePath: /root
UserDataDirectoryPath: /root/.gcm
GetCurrentDirectory(): /home/alex/flake

